<?xml version="1.0" encoding="UTF-8"?>
<testsuite name="com.app.doggi.DoggiApplicationTests" tests="1" skipped="0" failures="0" errors="0" timestamp="2021-04-11T20:48:51" hostname="MacBook-Air-de-Christian.local" time="0.413">
  <properties/>
  <testcase name="contextLoads()" classname="com.app.doggi.DoggiApplicationTests" time="0.413"/>
  <system-out><![CDATA[15:48:43.996 [Test worker] DEBUG org.springframework.test.context.BootstrapUtils - Instantiating CacheAwareContextLoaderDelegate from class [org.springframework.test.context.cache.DefaultCacheAwareContextLoaderDelegate]
15:48:44.041 [Test worker] DEBUG org.springframework.test.context.BootstrapUtils - Instantiating BootstrapContext using constructor [public org.springframework.test.context.support.DefaultBootstrapContext(java.lang.Class,org.springframework.test.context.CacheAwareContextLoaderDelegate)]
15:48:44.148 [Test worker] DEBUG org.springframework.test.context.BootstrapUtils - Instantiating TestContextBootstrapper for test class [com.app.doggi.DoggiApplicationTests] from class [org.springframework.boot.test.context.SpringBootTestContextBootstrapper]
15:48:44.181 [Test worker] INFO org.springframework.boot.test.context.SpringBootTestContextBootstrapper - Neither @ContextConfiguration nor @ContextHierarchy found for test class [com.app.doggi.DoggiApplicationTests], using SpringBootContextLoader
15:48:44.194 [Test worker] DEBUG org.springframework.test.context.support.AbstractContextLoader - Did not detect default resource location for test class [com.app.doggi.DoggiApplicationTests]: class path resource [com/app/doggi/DoggiApplicationTests-context.xml] does not exist
15:48:44.196 [Test worker] DEBUG org.springframework.test.context.support.AbstractContextLoader - Did not detect default resource location for test class [com.app.doggi.DoggiApplicationTests]: class path resource [com/app/doggi/DoggiApplicationTestsContext.groovy] does not exist
15:48:44.197 [Test worker] INFO org.springframework.test.context.support.AbstractContextLoader - Could not detect default resource locations for test class [com.app.doggi.DoggiApplicationTests]: no resource found for suffixes {-context.xml, Context.groovy}.
15:48:44.199 [Test worker] INFO org.springframework.test.context.support.AnnotationConfigContextLoaderUtils - Could not detect default configuration classes for test class [com.app.doggi.DoggiApplicationTests]: DoggiApplicationTests does not declare any static, non-private, non-final, nested classes annotated with @Configuration.
15:48:44.312 [Test worker] DEBUG org.springframework.test.context.support.ActiveProfilesUtils - Could not find an 'annotation declaring class' for annotation type [org.springframework.test.context.ActiveProfiles] and class [com.app.doggi.DoggiApplicationTests]
15:48:44.456 [Test worker] DEBUG org.springframework.context.annotation.ClassPathScanningCandidateComponentProvider - Identified candidate component class: file [/Users/christianandres/Documents/doggiApp-project /doggi/build/classes/java/main/com/app/doggi/DoggiApplication.class]
15:48:44.459 [Test worker] INFO org.springframework.boot.test.context.SpringBootTestContextBootstrapper - Found @SpringBootConfiguration com.app.doggi.DoggiApplication for test class com.app.doggi.DoggiApplicationTests
15:48:44.694 [Test worker] DEBUG org.springframework.boot.test.context.SpringBootTestContextBootstrapper - @TestExecutionListeners is not present for class [com.app.doggi.DoggiApplicationTests]: using defaults.
15:48:44.698 [Test worker] INFO org.springframework.boot.test.context.SpringBootTestContextBootstrapper - Loaded default TestExecutionListener class names from location [META-INF/spring.factories]: [org.springframework.boot.test.autoconfigure.restdocs.RestDocsTestExecutionListener, org.springframework.boot.test.autoconfigure.web.client.MockRestServiceServerResetTestExecutionListener, org.springframework.boot.test.autoconfigure.web.servlet.MockMvcPrintOnlyOnFailureTestExecutionListener, org.springframework.boot.test.autoconfigure.web.servlet.WebDriverTestExecutionListener, org.springframework.boot.test.autoconfigure.webservices.client.MockWebServiceServerTestExecutionListener, org.springframework.boot.test.mock.mockito.MockitoTestExecutionListener, org.springframework.boot.test.mock.mockito.ResetMocksTestExecutionListener, org.springframework.test.context.web.ServletTestExecutionListener, org.springframework.test.context.support.DirtiesContextBeforeModesTestExecutionListener, org.springframework.test.context.event.ApplicationEventsTestExecutionListener, org.springframework.test.context.support.DependencyInjectionTestExecutionListener, org.springframework.test.context.support.DirtiesContextTestExecutionListener, org.springframework.test.context.transaction.TransactionalTestExecutionListener, org.springframework.test.context.jdbc.SqlScriptsTestExecutionListener, org.springframework.test.context.event.EventPublishingTestExecutionListener]
15:48:44.747 [Test worker] INFO org.springframework.boot.test.context.SpringBootTestContextBootstrapper - Using TestExecutionListeners: [org.springframework.test.context.web.ServletTestExecutionListener@b8302eb, org.springframework.test.context.support.DirtiesContextBeforeModesTestExecutionListener@753c04c3, org.springframework.test.context.event.ApplicationEventsTestExecutionListener@7b3bbe2f, org.springframework.boot.test.mock.mockito.MockitoTestExecutionListener@5ad761b8, org.springframework.boot.test.autoconfigure.SpringBootDependencyInjectionTestExecutionListener@49d0b453, org.springframework.test.context.support.DirtiesContextTestExecutionListener@5cdfbbb6, org.springframework.test.context.transaction.TransactionalTestExecutionListener@7a33bcc4, org.springframework.test.context.jdbc.SqlScriptsTestExecutionListener@1b88c89b, org.springframework.test.context.event.EventPublishingTestExecutionListener@57369595, org.springframework.boot.test.autoconfigure.restdocs.RestDocsTestExecutionListener@769586ce, org.springframework.boot.test.autoconfigure.web.client.MockRestServiceServerResetTestExecutionListener@11a7c144, org.springframework.boot.test.autoconfigure.web.servlet.MockMvcPrintOnlyOnFailureTestExecutionListener@4c360ffb, org.springframework.boot.test.autoconfigure.web.servlet.WebDriverTestExecutionListener@2fcfb1d5, org.springframework.boot.test.autoconfigure.webservices.client.MockWebServiceServerTestExecutionListener@75b6f114, org.springframework.boot.test.mock.mockito.ResetMocksTestExecutionListener@5ab4b307]
15:48:44.756 [Test worker] DEBUG org.springframework.test.context.support.AbstractDirtiesContextTestExecutionListener - Before test class: context [DefaultTestContext@3a3436fe testClass = DoggiApplicationTests, testInstance = [null], testMethod = [null], testException = [null], mergedContextConfiguration = [WebMergedContextConfiguration@19f8aa7c testClass = DoggiApplicationTests, locations = '{}', classes = '{class com.app.doggi.DoggiApplication}', contextInitializerClasses = '[]', activeProfiles = '{}', propertySourceLocations = '{}', propertySourceProperties = '{org.springframework.boot.test.context.SpringBootTestContextBootstrapper=true}', contextCustomizers = set[org.springframework.boot.test.autoconfigure.actuate.metrics.MetricsExportContextCustomizerFactory$DisableMetricExportContextCustomizer@10621c16, org.springframework.boot.test.autoconfigure.properties.PropertyMappingContextCustomizer@0, org.springframework.boot.test.autoconfigure.web.servlet.WebDriverContextCustomizerFactory$Customizer@3b70e42, org.springframework.boot.test.context.filter.ExcludeFilterContextCustomizer@5faee0ff, org.springframework.boot.test.json.DuplicateJsonObjectContextCustomizerFactory$DuplicateJsonObjectContextCustomizer@7379a058, org.springframework.boot.test.mock.mockito.MockitoContextCustomizer@0, org.springframework.boot.test.web.client.TestRestTemplateContextCustomizer@1e00cf2b, org.springframework.boot.test.context.SpringBootTestArgs@1, org.springframework.boot.test.context.SpringBootTestWebEnvironment@3369170b], resourceBasePath = 'src/main/webapp', contextLoader = 'org.springframework.boot.test.context.SpringBootContextLoader', parent = [null]], attributes = map['org.springframework.test.context.web.ServletTestExecutionListener.activateListener' -> true]], class annotated with @DirtiesContext [false] with mode [null].
15:48:44.882 [Test worker] DEBUG org.springframework.test.context.support.TestPropertySourceUtils - Adding inlined properties to environment: {spring.jmx.enabled=false, org.springframework.boot.test.context.SpringBootTestContextBootstrapper=true}

  .   ____          _            __ _ _
 /\\ / ___'_ __ _ _(_)_ __  __ _ \ \ \ \
( ( )\___ | '_ | '_| | '_ \/ _` | \ \ \ \
 \\/  ___)| |_)| | | | | || (_| |  ) ) ) )
  '  |____| .__|_| |_|_| |_\__, | / / / /
 =========|_|==============|___/=/_/_/_/
 :: Spring Boot ::                (v2.4.4)

2021-04-11 15:48:45.638  INFO 9489 --- [    Test worker] com.app.doggi.DoggiApplicationTests      : Starting DoggiApplicationTests using Java 11.0.10 on MacBook-Air-de-Christian.local with PID 9489 (started by christianandres in /Users/christianandres/Documents/doggiApp-project /doggi)
2021-04-11 15:48:45.644  INFO 9489 --- [    Test worker] com.app.doggi.DoggiApplicationTests      : No active profile set, falling back to default profiles: default
2021-04-11 15:48:47.014  INFO 9489 --- [    Test worker] .s.d.r.c.RepositoryConfigurationDelegate : Bootstrapping Spring Data JPA repositories in DEFAULT mode.
2021-04-11 15:48:47.038  INFO 9489 --- [    Test worker] .s.d.r.c.RepositoryConfigurationDelegate : Finished Spring Data repository scanning in 8 ms. Found 0 JPA repository interfaces.
2021-04-11 15:48:47.956  INFO 9489 --- [    Test worker] com.zaxxer.hikari.HikariDataSource       : HikariPool-1 - Starting...
2021-04-11 15:48:48.326  INFO 9489 --- [    Test worker] com.zaxxer.hikari.HikariDataSource       : HikariPool-1 - Start completed.
2021-04-11 15:48:48.476  INFO 9489 --- [    Test worker] o.hibernate.jpa.internal.util.LogHelper  : HHH000204: Processing PersistenceUnitInfo [name: default]
2021-04-11 15:48:48.579  INFO 9489 --- [    Test worker] org.hibernate.Version                    : HHH000412: Hibernate ORM core version 5.4.29.Final
2021-04-11 15:48:48.899  INFO 9489 --- [    Test worker] o.hibernate.annotations.common.Version   : HCANN000001: Hibernate Commons Annotations {5.1.2.Final}
2021-04-11 15:48:49.168  INFO 9489 --- [    Test worker] org.hibernate.dialect.Dialect            : HHH000400: Using dialect: org.hibernate.dialect.H2Dialect
2021-04-11 15:48:49.641  INFO 9489 --- [    Test worker] o.h.e.t.j.p.i.JtaPlatformInitiator       : HHH000490: Using JtaPlatform implementation: [org.hibernate.engine.transaction.jta.platform.internal.NoJtaPlatform]
2021-04-11 15:48:49.664  INFO 9489 --- [    Test worker] j.LocalContainerEntityManagerFactoryBean : Initialized JPA EntityManagerFactory for persistence unit 'default'
2021-04-11 15:48:50.094  WARN 9489 --- [    Test worker] JpaBaseConfiguration$JpaWebConfiguration : spring.jpa.open-in-view is enabled by default. Therefore, database queries may be performed during view rendering. Explicitly configure spring.jpa.open-in-view to disable this warning
2021-04-11 15:48:50.471  INFO 9489 --- [    Test worker] o.s.s.concurrent.ThreadPoolTaskExecutor  : Initializing ExecutorService 'applicationTaskExecutor'
2021-04-11 15:48:51.086  INFO 9489 --- [    Test worker] com.app.doggi.DoggiApplicationTests      : Started DoggiApplicationTests in 6.175 seconds (JVM running for 8.905)
]]></system-out>
  <system-err><![CDATA[]]></system-err>
</testsuite>
